Flow report for mipsfinal_de2
Mon Jul 14 17:37:12 2014
Quartus II 64-Bit Version 13.0.1 Build 232 06/12/2013 Service Pack 1 SJ Web Edition


---------------------
; Table of Contents ;
---------------------
  1. Legal Notice
  2. Flow Summary
  3. Flow Settings
  4. Flow Non-Default Global Settings
  5. Flow Elapsed Time
  6. Flow OS Summary
  7. Flow Log
  8. Flow Messages
  9. Flow Suppressed Messages



----------------
; Legal Notice ;
----------------
Copyright (C) 1991-2013 Altera Corporation
Your use of Altera Corporation's design tools, logic functions 
and other software and tools, and its AMPP partner logic 
functions, and any output files from any of the foregoing 
(including device programming or simulation files), and any 
associated documentation or information are expressly subject 
to the terms and conditions of the Altera Program License 
Subscription Agreement, Altera MegaCore Function License 
Agreement, or other applicable license agreement, including, 
without limitation, that your use is for the sole purpose of 
programming logic devices manufactured by Altera and sold by 
Altera or its authorized distributors.  Please refer to the 
applicable agreement for further details.



+--------------------------------------------------------------------------------------+
; Flow Summary                                                                         ;
+------------------------------------+-------------------------------------------------+
; Flow Status                        ; Successful - Mon Jul 14 17:37:12 2014           ;
; Quartus II 64-Bit Version          ; 13.0.1 Build 232 06/12/2013 SP 1 SJ Web Edition ;
; Revision Name                      ; mipsfinal_de2                                   ;
; Top-level Entity Name              ; mips_de2                                        ;
; Family                             ; Cyclone II                                      ;
; Device                             ; EP2C70F896C6                                    ;
; Timing Models                      ; Final                                           ;
; Total logic elements               ; 1,472 / 68,416 ( 2 % )                          ;
;     Total combinational functions  ; 1,264 / 68,416 ( 2 % )                          ;
;     Dedicated logic registers      ; 456 / 68,416 ( < 1 % )                          ;
; Total registers                    ; 456                                             ;
; Total pins                         ; 85 / 622 ( 14 % )                               ;
; Total virtual pins                 ; 0                                               ;
; Total memory bits                  ; 18,432 / 1,152,000 ( 2 % )                      ;
; Embedded Multiplier 9-bit elements ; 0 / 300 ( 0 % )                                 ;
; Total PLLs                         ; 0 / 4 ( 0 % )                                   ;
+------------------------------------+-------------------------------------------------+


+-----------------------------------------+
; Flow Settings                           ;
+-------------------+---------------------+
; Option            ; Setting             ;
+-------------------+---------------------+
; Start date & time ; 07/14/2014 17:34:48 ;
; Main task         ; Compilation         ;
; Revision Name     ; mipsfinal_de2       ;
+-------------------+---------------------+


+----------------------------------------------------------------------------------------------------------------------------+
; Flow Non-Default Global Settings                                                                                           ;
+-------------------------------------+---------------------------------------+---------------+-------------+----------------+
; Assignment Name                     ; Value                                 ; Default Value ; Entity Name ; Section Id     ;
+-------------------------------------+---------------------------------------+---------------+-------------+----------------+
; COMPILER_SIGNATURE_ID               ; 128575981616771.140537008700848       ; --            ; --          ; --             ;
; EDA_OUTPUT_DATA_FORMAT              ; Vhdl                                  ; --            ; --          ; eda_simulation ;
; EDA_SIMULATION_TOOL                 ; ModelSim-Altera (VHDL)                ; <None>        ; --          ; --             ;
; MAX_CORE_JUNCTION_TEMP              ; 85                                    ; --            ; --          ; --             ;
; MIN_CORE_JUNCTION_TEMP              ; 0                                     ; --            ; --          ; --             ;
; PARTITION_COLOR                     ; 16764057                              ; --            ; mips_de2    ; Top            ;
; PARTITION_FITTER_PRESERVATION_LEVEL ; PLACEMENT_AND_ROUTING                 ; --            ; mips_de2    ; Top            ;
; PARTITION_NETLIST_TYPE              ; SOURCE                                ; --            ; mips_de2    ; Top            ;
; POWER_BOARD_THERMAL_MODEL           ; None (CONSERVATIVE)                   ; --            ; --          ; --             ;
; POWER_PRESET_COOLING_SOLUTION       ; 23 MM HEAT SINK WITH 200 LFPM AIRFLOW ; --            ; --          ; --             ;
; PROJECT_OUTPUT_DIRECTORY            ; output_files                          ; --            ; --          ; --             ;
; TOP_LEVEL_ENTITY                    ; mips_de2                              ; mipsfinal_de2 ; --          ; --             ;
+-------------------------------------+---------------------------------------+---------------+-------------+----------------+


+-------------------------------------------------------------------------------------------------------------------------------+
; Flow Elapsed Time                                                                                                             ;
+---------------------------+--------------+-------------------------+---------------------+------------------------------------+
; Module Name               ; Elapsed Time ; Average Processors Used ; Peak Virtual Memory ; Total CPU Time (on all processors) ;
+---------------------------+--------------+-------------------------+---------------------+------------------------------------+
; Analysis & Synthesis      ; 00:00:25     ; 1.0                     ; 515 MB              ; 00:00:24                           ;
; Fitter                    ; 00:01:17     ; 1.0                     ; 787 MB              ; 00:01:17                           ;
; Assembler                 ; 00:00:17     ; 1.0                     ; 454 MB              ; 00:00:15                           ;
; TimeQuest Timing Analyzer ; 00:00:11     ; 1.0                     ; 437 MB              ; 00:00:06                           ;
; EDA Netlist Writer        ; 00:00:06     ; 1.0                     ; 410 MB              ; 00:00:06                           ;
; Total                     ; 00:02:16     ; --                      ; --                  ; 00:02:08                           ;
+---------------------------+--------------+-------------------------+---------------------+------------------------------------+


+----------------------------------------------------------------------------------------+
; Flow OS Summary                                                                        ;
+---------------------------+------------------+-----------+------------+----------------+
; Module Name               ; Machine Hostname ; OS Name   ; OS Version ; Processor type ;
+---------------------------+------------------+-----------+------------+----------------+
; Analysis & Synthesis      ; Branco-PC        ; Windows 7 ; 6.1        ; x86_64         ;
; Fitter                    ; Branco-PC        ; Windows 7 ; 6.1        ; x86_64         ;
; Assembler                 ; Branco-PC        ; Windows 7 ; 6.1        ; x86_64         ;
; TimeQuest Timing Analyzer ; Branco-PC        ; Windows 7 ; 6.1        ; x86_64         ;
; EDA Netlist Writer        ; Branco-PC        ; Windows 7 ; 6.1        ; x86_64         ;
+---------------------------+------------------+-----------+------------+----------------+


------------
; Flow Log ;
------------
quartus_map --read_settings_files=on --write_settings_files=off mipsfinal_de2 -c mipsfinal_de2
quartus_fit --read_settings_files=off --write_settings_files=off mipsfinal_de2 -c mipsfinal_de2
quartus_asm --read_settings_files=off --write_settings_files=off mipsfinal_de2 -c mipsfinal_de2
quartus_sta mipsfinal_de2 -c mipsfinal_de2
quartus_eda --read_settings_files=off --write_settings_files=off mipsfinal_de2 -c mipsfinal_de2



